0 silly argv {
0 silly argv   _: [ 'add' ],
0 silly argv   scope: 'landing',
0 silly argv   globs: [],
0 silly argv   lernaVersion: '4.0.0',
0 silly argv   '$0': 'C:\\Users\\User\\AppData\\Local\\Yarn\\Data\\global\\node_modules\\lerna\\cli.js',
0 silly argv   pkg: 'ether-backend'
0 silly argv }
1 notice cli v4.0.0
2 verbose rootPath C:\SHARED\WORKSPACE\projects\millionr.club
3 error JSONError: Unexpected token ":" (0x3A) in JSON at position 102 while parsing near "...ries\": [\n    \"build\":\"./build\"\n  ],\n  \"s..." in packages\ether-backend\package.json
3 error
3 error [0m [90m 4 |[39m   [32m"description"[39m[33m:[39m [32m""[39m[33m,[39m[0m
3 error [0m [90m 5 |[39m   [32m"directories"[39m[33m:[39m [[0m
3 error [0m[31m[1m>[22m[39m[90m 6 |[39m     [32m"build"[39m[33m:[39m[32m"./build"[39m[0m
3 error [0m [90m   |[39m            [31m[1m^[22m[39m[0m
3 error [0m [90m 7 |[39m   ][33m,[39m[0m
3 error [0m [90m 8 |[39m   [32m"scripts"[39m[33m:[39m {[0m
3 error [0m [90m 9 |[39m     [32m"test"[39m[33m:[39m [32m"bash test/scripts/runTestsCoverage.sh"[39m[33m,[39m[0m
3 error
3 error     at parseJson (C:\SHARED\WORKSPACE\projects\millionr.club\node_modules\parse-json\index.js:29:21)
3 error     at parse (C:\SHARED\WORKSPACE\projects\millionr.club\node_modules\load-json-file\index.js:15:9)
3 error     at module.exports (C:\SHARED\WORKSPACE\projects\millionr.club\node_modules\load-json-file\index.js:18:47)
